$ nest build

<--- Last few GCs --->

[19700:0000019EAE5C1000]    33334 ms: Scavenge (interleaved) 141.2 (206.9) -> 116.3 (227.4) MB, pooled: 0 MB, 81.81 / 0.21 ms  (average mu = 0.993, current mu = 0.989) allocation failure; 
[19700:0000019EAE5C1000]    34704 ms: Scavenge (interleaved) 161.8 (227.7) -> 132.3 (246.4) MB, pooled: 0 MB, 109.77 / 0.02 ms  (average mu = 0.993, current mu = 0.989) allocation failure; 

FATAL ERROR: NewSpace::EnsureCurrentCapacity Allocation failed - JavaScript heap out of memory
----- Native stack trace -----

 1: 00007FF7730FB6AF 
 2: 00007FF773D43257 
 3: 00007FF773B43937 
 4: 00007FF773B043D3 
 5: 00007FF773B45D3A 
 6: 00007FF773B45366 
 7: 00007FF773B562F2 
 8: 00007FF773B55E1B 
 9: 00007FF774FD4BAD 
10: 00007FF773B41400 
11: 00007FF773BC50D9 
12: 00007FF77373AED8 
13: 00007FF774E8663A 
14: 0000019EB696FEB7 
[ELIFECYCLE] Command failed with exit code 134.
